Loading scenario: GT_esmini\test\scenarios\autolight_test.xosc
esmini GIT REV: N/A
esmini GIT TAG: N/A
esmini GIT BRANCH: N/A
esmini BUILD VERSION: N/A - client build
[] [info] Ignoring missing default config: e:\Repository\GT_esmini\esmini\build\GT_esmini\Release\..\config.yml
[] [info] Loaded GT_esmini\test\scenarios\autolight_test.xosc.temp.xosc
[2025-12-30 18:12:32]
[] [info] Player options: --osc GT_esmini\test\scenarios\autolight_test.xosc.temp.xosc --camera_mode orbit --headless --info_text 1 --logfile_path log.txt --log_level info --text_scale 1.0 --traj_filter 0.1 
[] [info] No fixed timestep specified - running in realtime speed
[] [info] Generated seed 4167076581
[] [info] Loading GT_esmini/test/scenarios/autolight_test.xosc.temp.xosc (v1.1)
[] [info] 0 variables
[] [error] Unsupported geo reference attr: +no_defs
[] [info] Loaded OpenDRIVE: resources/xodr/straight_500m.xodr
[] [info] 0 parameters
[0.000] [info] Init Ego LongitudinalAction initState -> startTransition -> runningState
[0.000] [info] Init Ego TeleportAction initState -> startTransition -> runningState
[0.000] [info] Starting teleport Action
[0.000] [info] Ego New position:
[0.000] [info] Pos(50.00, -1.53, 0.00) Rot(0.00, 0.00, 0.00) roadId 1 laneId -1 s 50.00 offset 0.00 t -1.53
[0.000] [info] storyBoard initState -> startTransition -> runningState
[0.000] [info] AutoLightStory initState -> startTransition -> runningState
[0.000] [info] BrakeAndReverseAct initState -> initToStandbyTransition -> standbyState
[0.000] [info] Init Ego LongitudinalAction runningState -> endTransition -> completeState
[0.000] [info] Init Ego TeleportAction runningState -> endTransition -> completeState
Time 0s | ID 0 | Fog: 0 | Brake: 0 | Rev: 0 | L-Ind: 0 | R-Ind: 0
[0.050] [info] StartAct: true, delay: 0.00, 0.0500 > 0.0000, edge: none
[0.050] [info] Trigger /------------------------------------------------
[0.050] [info] Group 0:
[0.050] [info] StartAct: true
[0.050] [info] Trigger  ------------------------------------------------/
[0.050] [info] BrakeAndReverseAct standbyState -> startTransition -> runningState
[0.050] [info] EgoManeuver initState -> startTransition -> runningState
[0.050] [info] BrakeManeuver initState -> startTransition -> runningState
[0.050] [info] BrakeEvent initState -> initToStandbyTransition -> standbyState
[0.050] [info] ReverseEvent initState -> initToStandbyTransition -> standbyState
Time 0.5s | ID 0 | Fog: 0 | Brake: 0 | Rev: 0 | L-Ind: 0 | R-Ind: 0
Time 1s | ID 0 | Fog: 0 | Brake: 0 | Rev: 0 | L-Ind: 0 | R-Ind: 0
Time 1.5s | ID 0 | Fog: 0 | Brake: 0 | Rev: 0 | L-Ind: 0 | R-Ind: 0
Time 2s | ID 0 | Fog: 0 | Brake: 0 | Rev: 0 | L-Ind: 0 | R-Ind: 0
[2.050] [info] BrakeTime: true, delay: 0.00, 2.0500 > 2.0000, edge: rising
[2.050] [info] Trigger /------------------------------------------------
[2.050] [info] Group 0:
[2.050] [info] BrakeTime: true
[2.050] [info] Trigger  ------------------------------------------------/
[2.050] [info] BrakeEvent standbyState -> startTransition -> runningState
[2.050] [info] BrakeAction initState -> startTransition -> runningState
Time 2.5s | ID 0 | Fog: 0 | Brake: 1 | Rev: 0 | L-Ind: 0 | R-Ind: 0
Time 3s | ID 0 | Fog: 0 | Brake: 1 | Rev: 0 | L-Ind: 0 | R-Ind: 0
Time 3.5s | ID 0 | Fog: 0 | Brake: 1 | Rev: 0 | L-Ind: 0 | R-Ind: 0
[4.000] [info] BrakeAction runningState -> endTransition -> completeState
[4.000] [info] BrakeEvent complete after 1 execution
[4.000] [info] BrakeEvent runningState -> endTransition -> completeState
Time 4s | ID 0 | Fog: 0 | Brake: 1 | Rev: 0 | L-Ind: 0 | R-Ind: 0
Time 4.5s | ID 0 | Fog: 0 | Brake: 0 | Rev: 0 | L-Ind: 0 | R-Ind: 0
Time 5s | ID 0 | Fog: 0 | Brake: 0 | Rev: 0 | L-Ind: 0 | R-Ind: 0
Time 5.5s | ID 0 | Fog: 0 | Brake: 0 | Rev: 0 | L-Ind: 0 | R-Ind: 0
Time 6s | ID 0 | Fog: 0 | Brake: 0 | Rev: 0 | L-Ind: 0 | R-Ind: 0
[6.050] [info] ReverseTime: true, delay: 0.00, 6.0500 > 6.0000, edge: rising
[6.050] [info] Trigger /------------------------------------------------
[6.050] [info] Group 0:
[6.050] [info] ReverseTime: true
[6.050] [info] Trigger  ------------------------------------------------/
[6.050] [info] ReverseEvent standbyState -> startTransition -> runningState
[6.050] [info] ReverseAction initState -> startTransition -> runningState
Time 6.5s | ID 0 | Fog: 0 | Brake: 1 | Rev: 1 | L-Ind: 0 | R-Ind: 0
[7.000] [info] ReverseAction runningState -> endTransition -> completeState
[7.000] [info] ReverseEvent complete after 1 execution
[7.000] [info] ReverseEvent runningState -> endTransition -> completeState
[7.000] [info] BrakeManeuver runningState -> endTransition -> completeState
[7.000] [info] EgoManeuver complete after 1 execution
[7.000] [info] EgoManeuver runningState -> endTransition -> completeState
[7.000] [info] BrakeAndReverseAct runningState -> endTransition -> completeState
[7.000] [info] AutoLightStory runningState -> endTransition -> completeState
Time 7s | ID 0 | Fog: 0 | Brake: 1 | Rev: 1 | L-Ind: 0 | R-Ind: 0
Time 7.5s | ID 0 | Fog: 0 | Brake: 0 | Rev: 1 | L-Ind: 0 | R-Ind: 0
Time 8s | ID 0 | Fog: 0 | Brake: 0 | Rev: 1 | L-Ind: 0 | R-Ind: 0
Time 8.5s | ID 0 | Fog: 0 | Brake: 0 | Rev: 1 | L-Ind: 0 | R-Ind: 0
Time 9s | ID 0 | Fog: 0 | Brake: 0 | Rev: 1 | L-Ind: 0 | R-Ind: 0
Time 9.5s | ID 0 | Fog: 0 | Brake: 0 | Rev: 1 | L-Ind: 0 | R-Ind: 0
Time 10s | ID 0 | Fog: 0 | Brake: 0 | Rev: 1 | L-Ind: 0 | R-Ind: 0
[10.050] [info] StopCondition: true, delay: 0.00, 10.0500 > 10.0000, edge: rising
[10.050] [info] Trigger /------------------------------------------------
[10.050] [info] Group 0:
[10.050] [info] StopCondition: true
[10.050] [info] Trigger  ------------------------------------------------/
[10.050] [info] storyBoard runningState -> stopTransition -> completeState
Time 10.5s | ID 0 | Fog: 0 | Brake: 0 | Rev: 1 | L-Ind: 0 | R-Ind: 0
Time 11s | ID 0 | Fog: 0 | Brake: 0 | Rev: 1 | L-Ind: 0 | R-Ind: 0
Time 11.5s | ID 0 | Fog: 0 | Brake: 0 | Rev: 1 | L-Ind: 0 | R-Ind: 0
Time 12s | ID 0 | Fog: 0 | Brake: 0 | Rev: 1 | L-Ind: 0 | R-Ind: 0
Time 12.5s | ID 0 | Fog: 0 | Brake: 0 | Rev: 1 | L-Ind: 0 | R-Ind: 0
Time 13s | ID 0 | Fog: 0 | Brake: 0 | Rev: 1 | L-Ind: 0 | R-Ind: 0
Time 13.5s | ID 0 | Fog: 0 | Brake: 0 | Rev: 1 | L-Ind: 0 | R-Ind: 0
Time 14s | ID 0 | Fog: 0 | Brake: 0 | Rev: 1 | L-Ind: 0 | R-Ind: 0
Time 14.5s | ID 0 | Fog: 0 | Brake: 0 | Rev: 1 | L-Ind: 0 | R-Ind: 0
Simulation completed.
[10.050] [info] Closing
